<?xml version="1.0" encoding="UTF-8"?>
<testng-results ignored="0" total="7" passed="7" failed="0" skipped="0">
  <reporter-output>
  </reporter-output>
  <suite started-at="2024-11-17T23:27:30 IST" name="Default suite" finished-at="2024-11-17T23:28:47 IST" duration-ms="76944">
    <groups>
      <group name="cucumber">
        <method signature="AbstractTestNGCucumberTests.runScenario(io.cucumber.testng.PickleWrapper,io.cucumber.testng.FeatureWrapper)[pri:0, instance:com.nagarro.BDDTesting.TestRunner@2892d68]" name="runScenario" class="io.cucumber.testng.AbstractTestNGCucumberTests"/>
      </group> <!-- cucumber -->
    </groups>
    <test started-at="2024-11-17T23:27:30 IST" name="Default test" finished-at="2024-11-17T23:28:47 IST" duration-ms="76944">
      <class name="com.nagarro.BDDTesting.TestRunner">
        <test-method is-config="true" signature="setUpClass(org.testng.ITestContext)[pri:0, instance:com.nagarro.BDDTesting.TestRunner@2892d68]" started-at="2024-11-17T23:27:30 IST" name="setUpClass" finished-at="2024-11-17T23:27:31 IST" duration-ms="800" status="PASS">
          <params>
            <param index="0">
              <value>
                <![CDATA[org.testng.TestRunner@2b877a54]]>
              </value>
            </param>
          </params>
          <reporter-output>
          </reporter-output>
        </test-method> <!-- setUpClass -->
        <test-method signature="runScenario(io.cucumber.testng.PickleWrapper,io.cucumber.testng.FeatureWrapper)[pri:0, instance:com.nagarro.BDDTesting.TestRunner@2892d68]" started-at="2024-11-17T23:27:31 IST" name="runScenario" description="Runs Cucumber Scenarios" data-provider="scenarios" finished-at="2024-11-17T23:27:43 IST" duration-ms="12158" status="PASS">
          <params>
            <param index="0">
              <value>
                <![CDATA["User should be able to login to the application with valid credentials"]]>
              </value>
            </param>
            <param index="1">
              <value>
                <![CDATA["Login to the application"]]>
              </value>
            </param>
          </params>
          <reporter-output>
          </reporter-output>
        </test-method> <!-- runScenario -->
        <test-method signature="runScenario(io.cucumber.testng.PickleWrapper,io.cucumber.testng.FeatureWrapper)[pri:0, instance:com.nagarro.BDDTesting.TestRunner@2892d68]" started-at="2024-11-17T23:27:43 IST" name="runScenario" description="Runs Cucumber Scenarios" data-provider="scenarios" finished-at="2024-11-17T23:27:50 IST" duration-ms="6955" status="PASS">
          <params>
            <param index="0">
              <value>
                <![CDATA["User should not be able to login to the application with Invalid credentials"]]>
              </value>
            </param>
            <param index="1">
              <value>
                <![CDATA["Login to the application"]]>
              </value>
            </param>
          </params>
          <reporter-output>
          </reporter-output>
        </test-method> <!-- runScenario -->
        <test-method signature="runScenario(io.cucumber.testng.PickleWrapper,io.cucumber.testng.FeatureWrapper)[pri:0, instance:com.nagarro.BDDTesting.TestRunner@2892d68]" started-at="2024-11-17T23:27:50 IST" name="runScenario" description="Runs Cucumber Scenarios" data-provider="scenarios" finished-at="2024-11-17T23:27:58 IST" duration-ms="8147" status="PASS">
          <params>
            <param index="0">
              <value>
                <![CDATA["User should be able to change the Pincode for delivery purpose"]]>
              </value>
            </param>
            <param index="1">
              <value>
                <![CDATA["Change the pincode"]]>
              </value>
            </param>
          </params>
          <reporter-output>
          </reporter-output>
        </test-method> <!-- runScenario -->
        <test-method signature="runScenario(io.cucumber.testng.PickleWrapper,io.cucumber.testng.FeatureWrapper)[pri:0, instance:com.nagarro.BDDTesting.TestRunner@2892d68]" started-at="2024-11-17T23:27:58 IST" name="runScenario" description="Runs Cucumber Scenarios" data-provider="scenarios" finished-at="2024-11-17T23:28:06 IST" duration-ms="8070" status="PASS">
          <params>
            <param index="0">
              <value>
                <![CDATA["User should be able to change the Pincode for delivery purpose"]]>
              </value>
            </param>
            <param index="1">
              <value>
                <![CDATA["Change the pincode"]]>
              </value>
            </param>
          </params>
          <reporter-output>
          </reporter-output>
        </test-method> <!-- runScenario -->
        <test-method signature="runScenario(io.cucumber.testng.PickleWrapper,io.cucumber.testng.FeatureWrapper)[pri:0, instance:com.nagarro.BDDTesting.TestRunner@2892d68]" started-at="2024-11-17T23:28:06 IST" name="runScenario" description="Runs Cucumber Scenarios" data-provider="scenarios" finished-at="2024-11-17T23:28:16 IST" duration-ms="9822" status="PASS">
          <params>
            <param index="0">
              <value>
                <![CDATA["User should be able to change the Pincode for delivery purpose"]]>
              </value>
            </param>
            <param index="1">
              <value>
                <![CDATA["Change the pincode"]]>
              </value>
            </param>
          </params>
          <reporter-output>
          </reporter-output>
        </test-method> <!-- runScenario -->
        <test-method signature="runScenario(io.cucumber.testng.PickleWrapper,io.cucumber.testng.FeatureWrapper)[pri:0, instance:com.nagarro.BDDTesting.TestRunner@2892d68]" started-at="2024-11-17T23:28:16 IST" name="runScenario" description="Runs Cucumber Scenarios" data-provider="scenarios" finished-at="2024-11-17T23:28:32 IST" duration-ms="15465" status="PASS">
          <params>
            <param index="0">
              <value>
                <![CDATA["User should be able to add a product to the cart"]]>
              </value>
            </param>
            <param index="1">
              <value>
                <![CDATA["Add/Buy a product to cart"]]>
              </value>
            </param>
          </params>
          <reporter-output>
          </reporter-output>
        </test-method> <!-- runScenario -->
        <test-method signature="runScenario(io.cucumber.testng.PickleWrapper,io.cucumber.testng.FeatureWrapper)[pri:0, instance:com.nagarro.BDDTesting.TestRunner@2892d68]" started-at="2024-11-17T23:28:32 IST" name="runScenario" description="Runs Cucumber Scenarios" data-provider="scenarios" finished-at="2024-11-17T23:28:47 IST" duration-ms="15348" status="PASS">
          <params>
            <param index="0">
              <value>
                <![CDATA["User should not be able to buy a product without logging in"]]>
              </value>
            </param>
            <param index="1">
              <value>
                <![CDATA["Add/Buy a product to cart"]]>
              </value>
            </param>
          </params>
          <reporter-output>
          </reporter-output>
        </test-method> <!-- runScenario -->
        <test-method is-config="true" signature="tearDownClass()[pri:0, instance:com.nagarro.BDDTesting.TestRunner@2892d68]" started-at="2024-11-17T23:28:47 IST" name="tearDownClass" finished-at="2024-11-17T23:28:47 IST" duration-ms="133" status="PASS">
          <reporter-output>
          </reporter-output>
        </test-method> <!-- tearDownClass -->
      </class> <!-- com.nagarro.BDDTesting.TestRunner -->
    </test> <!-- Default test -->
  </suite> <!-- Default suite -->
</testng-results>
